<!DOCTYPE html PUBLIC "-//W3C//DTD XHTML 1.1//EN" "http://www.w3.org/TR/xhtml11/DTD/xhtml11.dtd">
<html xmlns="http://www.w3.org/1999/xhtml"><head><title>TestNG Report</title><style type="text/css">table {margin-bottom:10px;border-collapse:collapse;empty-cells:show}th,td {border:1px solid #009;padding:.25em .5em}th {vertical-align:bottom}td {vertical-align:top}table a {font-weight:bold}.stripe td {background-color: #E6EBF9}.num {text-align:right}.passedodd td {background-color: #3F3}.passedeven td {background-color: #0A0}.skippedodd td {background-color: #DDD}.skippedeven td {background-color: #CCC}.failedodd td,.attn {background-color: #F33}.failedeven td,.stripe .attn {background-color: #D00}.stacktrace {white-space:pre;font-family:monospace}.totop {font-size:85%;text-align:center;border-bottom:2px solid #000}</style></head><body><table><tr><th>Test</th><th># Passed</th><th># Skipped</th><th># Failed</th><th>Time (ms)</th><th>Included Groups</th><th>Excluded Groups</th></tr><tr><th colspan="7">hf-test-suite</th></tr><tr><td><a href="#t0">test_chrome</a></td><td class="num">4</td><td class="num">0</td><td class="num">0</td><td class="num">86,678</td><td></td><td></td></tr><tr class="stripe"><td><a href="#t1">test_ff</a></td><td class="num">4</td><td class="num">0</td><td class="num">0</td><td class="num">95,648</td><td></td><td></td></tr><tr><td><a href="#t2">test_edge</a></td><td class="num">0</td><td class="num">0</td><td class="num attn">4</td><td class="num">29,634</td><td></td><td></td></tr><tr><th>Total</th><th class="num">8</th><th class="num">0</th><th class="num attn">4</th><th class="num">211,960</th><th colspan="2"></th></tr></table><table><thead><tr><th>Class</th><th>Method</th><th>Start</th><th>Time (ms)</th></tr></thead><tbody><tr><th colspan="4">hf-test-suite</th></tr></tbody><tbody id="t0"><tr><th colspan="4">test_chrome &#8212; passed</th></tr><tr class="passedeven"><td rowspan="4">com.hellofresh.challenge.PageSetup</td><td><a href="#m0">checkoutAndLoginTest</a></td><td rowspan="1">1527409179817</td><td rowspan="1">20444</td></tr><tr class="passedeven"><td><a href="#m1">checkoutTest</a></td><td rowspan="1">1527409154414</td><td rowspan="1">25403</td></tr><tr class="passedeven"><td><a href="#m2">logInTest</a></td><td rowspan="1">1527409146944</td><td rowspan="1">7469</td></tr><tr class="passedeven"><td><a href="#m3">signInTest</a></td><td rowspan="1">1527409131952</td><td rowspan="1">14989</td></tr></tbody><tbody id="t1"><tr><th colspan="4">test_ff &#8212; passed</th></tr><tr class="passedeven"><td rowspan="4">com.hellofresh.challenge.PageSetup</td><td><a href="#m4">checkoutAndLoginTest</a></td><td rowspan="1">1527409272065</td><td rowspan="1">21142</td></tr><tr class="passedeven"><td><a href="#m5">checkoutTest</a></td><td rowspan="1">1527409248348</td><td rowspan="1">23716</td></tr><tr class="passedeven"><td><a href="#m6">logInTest</a></td><td rowspan="1">1527409241156</td><td rowspan="1">7191</td></tr><tr class="passedeven"><td><a href="#m7">signInTest</a></td><td rowspan="1">1527409226188</td><td rowspan="1">14967</td></tr></tbody><tbody id="t2"><tr><th colspan="4">test_edge &#8212; failed</th></tr><tr class="failedeven"><td rowspan="4">com.hellofresh.challenge.PageSetup</td><td><a href="#m8">checkoutAndLoginTest</a></td><td rowspan="1">1527409302609</td><td rowspan="1">20315</td></tr><tr class="failedeven"><td><a href="#m9">checkoutTest</a></td><td rowspan="1">1527409302335</td><td rowspan="1">26</td></tr><tr class="failedeven"><td><a href="#m10">logInTest</a></td><td rowspan="1">1527409301603</td><td rowspan="1">459</td></tr><tr class="failedeven"><td><a href="#m11">signInTest</a></td><td rowspan="1">1527409300734</td><td rowspan="1">392</td></tr></tbody></table><h2>test_chrome</h2><h3 id="m0">com.hellofresh.challenge.PageSetup#checkoutAndLoginTest</h3><table class="result"></table><p class="totop"><a href="#summary">back to summary</a></p><h3 id="m1">com.hellofresh.challenge.PageSetup#checkoutTest</h3><table class="result"></table><p class="totop"><a href="#summary">back to summary</a></p><h3 id="m2">com.hellofresh.challenge.PageSetup#logInTest</h3><table class="result"></table><p class="totop"><a href="#summary">back to summary</a></p><h3 id="m3">com.hellofresh.challenge.PageSetup#signInTest</h3><table class="result"></table><p class="totop"><a href="#summary">back to summary</a></p><h2>test_ff</h2><h3 id="m4">com.hellofresh.challenge.PageSetup#checkoutAndLoginTest</h3><table class="result"></table><p class="totop"><a href="#summary">back to summary</a></p><h3 id="m5">com.hellofresh.challenge.PageSetup#checkoutTest</h3><table class="result"></table><p class="totop"><a href="#summary">back to summary</a></p><h3 id="m6">com.hellofresh.challenge.PageSetup#logInTest</h3><table class="result"></table><p class="totop"><a href="#summary">back to summary</a></p><h3 id="m7">com.hellofresh.challenge.PageSetup#signInTest</h3><table class="result"></table><p class="totop"><a href="#summary">back to summary</a></p><h2>test_edge</h2><h3 id="m8">com.hellofresh.challenge.PageSetup#checkoutAndLoginTest</h3><table class="result"><tr><th>Exception</th></tr><tr><td><div class="stacktrace">org.openqa.selenium.TimeoutException: Expected condition failed: waiting for visibility of element located by By.name: Submit (tried for 20 second(s) with 500 milliseconds interval)
	at org.openqa.selenium.support.ui.WebDriverWait.timeoutException(WebDriverWait.java:81)
	at org.openqa.selenium.support.ui.FluentWait.until(FluentWait.java:271)
	at com.hellofresh.challenge.PageObjects.BasePageObjects.waitForElement(BasePageObjects.java:84)
	at com.hellofresh.challenge.PageSetup.checkoutAndLoginTest(PageSetup.java:340)
Caused by: org.openqa.selenium.NoSuchElementException: Cannot locate an element using By.name: Submit
For documentation on this error, please visit: http://seleniumhq.org/exceptions/no_such_element.html
Build info: version: &apos;3.11.0&apos;, revision: &apos;e59cfb3&apos;, time: &apos;2018-03-11T20:26:55.152Z&apos;
System info: host: &apos;LAPTOP-NE2K3F3R&apos;, ip: &apos;192.168.74.1&apos;, os.name: &apos;Windows 10&apos;, os.arch: &apos;amd64&apos;, os.version: &apos;10.0&apos;, java.version: &apos;10.0.1&apos;
Driver info: driver.version: unknown
	at org.openqa.selenium.support.ui.ExpectedConditions.lambda$findElement$0(ExpectedConditions.java:896)
	at java.base/java.util.Optional.orElseThrow(Optional.java:397)
	at org.openqa.selenium.support.ui.ExpectedConditions.findElement(ExpectedConditions.java:895)
	at org.openqa.selenium.support.ui.ExpectedConditions.access$000(ExpectedConditions.java:44)
	at org.openqa.selenium.support.ui.ExpectedConditions$7.apply(ExpectedConditions.java:206)
	at org.openqa.selenium.support.ui.ExpectedConditions$7.apply(ExpectedConditions.java:202)
	at org.openqa.selenium.support.ui.FluentWait.until(FluentWait.java:248)
	... 26 more
... Removed 24 stack frames</div></td></tr></table><p class="totop"><a href="#summary">back to summary</a></p><h3 id="m9">com.hellofresh.challenge.PageSetup#checkoutTest</h3><table class="result"><tr><th>Exception</th></tr><tr><td><div class="stacktrace">org.openqa.selenium.NoSuchElementException: No such element (WARNING: The server did not provide any stacktrace information)
Command duration or timeout: 0 milliseconds
For documentation on this error, please visit: http://seleniumhq.org/exceptions/no_such_element.html
Build info: version: &apos;3.11.0&apos;, revision: &apos;e59cfb3&apos;, time: &apos;2018-03-11T20:26:55.152Z&apos;
System info: host: &apos;LAPTOP-NE2K3F3R&apos;, ip: &apos;192.168.74.1&apos;, os.name: &apos;Windows 10&apos;, os.arch: &apos;amd64&apos;, os.version: &apos;10.0&apos;, java.version: &apos;10.0.1&apos;
Driver info: org.openqa.selenium.edge.EdgeDriver
Capabilities {InPrivate: false, acceptSslCerts: true, applicationCacheEnabled: true, browserName: MicrosoftEdge, browserVersion: 41.16299.402.0, javascriptEnabled: true, locationContextEnabled: true, pageLoadStrategy: normal, platform: WINDOWS, platformName: WINDOWS, platformVersion: 10, takesElementScreenshot: true, takesScreenshot: true, webStorageEnabled: true}
Session ID: 9F38EE65-E2DF-42C3-B683-30439A4DB4AD
*** Element info: {Using=id, value=email}
	at org.openqa.selenium.remote.ErrorHandler.createThrowable(ErrorHandler.java:214)
	at org.openqa.selenium.remote.ErrorHandler.throwIfResponseFailed(ErrorHandler.java:166)
	at org.openqa.selenium.remote.http.JsonHttpResponseCodec.reconstructValue(JsonHttpResponseCodec.java:40)
	at org.openqa.selenium.remote.http.AbstractHttpResponseCodec.decode(AbstractHttpResponseCodec.java:80)
	at org.openqa.selenium.remote.http.AbstractHttpResponseCodec.decode(AbstractHttpResponseCodec.java:44)
	at org.openqa.selenium.remote.HttpCommandExecutor.execute(HttpCommandExecutor.java:158)
	at org.openqa.selenium.remote.service.DriverCommandExecutor.execute(DriverCommandExecutor.java:83)
	at org.openqa.selenium.remote.RemoteWebDriver.execute(RemoteWebDriver.java:545)
	at org.openqa.selenium.remote.RemoteWebDriver.findElement(RemoteWebDriver.java:319)
	at org.openqa.selenium.remote.RemoteWebDriver.findElementById(RemoteWebDriver.java:365)
	at org.openqa.selenium.By$ById.findElement(By.java:218)
	at org.openqa.selenium.remote.RemoteWebDriver.findElement(RemoteWebDriver.java:311)
	at com.hellofresh.challenge.PageObjects.BasePageObjects.getUserNameTextBox(BasePageObjects.java:36)
	at com.hellofresh.challenge.Actions.Login.perform(Login.java:23)
	at com.hellofresh.challenge.PageSetup.checkoutTest(PageSetup.java:291)
... Removed 28 stack frames</div></td></tr></table><p class="totop"><a href="#summary">back to summary</a></p><h3 id="m10">com.hellofresh.challenge.PageSetup#logInTest</h3><table class="result"><tr><th>Exception</th></tr><tr><td><div class="stacktrace">org.openqa.selenium.NoSuchElementException: No such element (WARNING: The server did not provide any stacktrace information)
Command duration or timeout: 0 milliseconds
For documentation on this error, please visit: http://seleniumhq.org/exceptions/no_such_element.html
Build info: version: &apos;3.11.0&apos;, revision: &apos;e59cfb3&apos;, time: &apos;2018-03-11T20:26:55.152Z&apos;
System info: host: &apos;LAPTOP-NE2K3F3R&apos;, ip: &apos;192.168.74.1&apos;, os.name: &apos;Windows 10&apos;, os.arch: &apos;amd64&apos;, os.version: &apos;10.0&apos;, java.version: &apos;10.0.1&apos;
Driver info: org.openqa.selenium.edge.EdgeDriver
Capabilities {InPrivate: false, acceptSslCerts: true, applicationCacheEnabled: true, browserName: MicrosoftEdge, browserVersion: 41.16299.402.0, javascriptEnabled: true, locationContextEnabled: true, pageLoadStrategy: normal, platform: WINDOWS, platformName: WINDOWS, platformVersion: 10, takesElementScreenshot: true, takesScreenshot: true, webStorageEnabled: true}
Session ID: 9F38EE65-E2DF-42C3-B683-30439A4DB4AD
*** Element info: {Using=id, value=email}
	at org.openqa.selenium.remote.ErrorHandler.createThrowable(ErrorHandler.java:214)
	at org.openqa.selenium.remote.ErrorHandler.throwIfResponseFailed(ErrorHandler.java:166)
	at org.openqa.selenium.remote.http.JsonHttpResponseCodec.reconstructValue(JsonHttpResponseCodec.java:40)
	at org.openqa.selenium.remote.http.AbstractHttpResponseCodec.decode(AbstractHttpResponseCodec.java:80)
	at org.openqa.selenium.remote.http.AbstractHttpResponseCodec.decode(AbstractHttpResponseCodec.java:44)
	at org.openqa.selenium.remote.HttpCommandExecutor.execute(HttpCommandExecutor.java:158)
	at org.openqa.selenium.remote.service.DriverCommandExecutor.execute(DriverCommandExecutor.java:83)
	at org.openqa.selenium.remote.RemoteWebDriver.execute(RemoteWebDriver.java:545)
	at org.openqa.selenium.remote.RemoteWebDriver.findElement(RemoteWebDriver.java:319)
	at org.openqa.selenium.remote.RemoteWebDriver.findElementById(RemoteWebDriver.java:365)
	at org.openqa.selenium.By$ById.findElement(By.java:218)
	at org.openqa.selenium.remote.RemoteWebDriver.findElement(RemoteWebDriver.java:311)
	at com.hellofresh.challenge.PageObjects.BasePageObjects.getUserNameTextBox(BasePageObjects.java:36)
	at com.hellofresh.challenge.Actions.Login.perform(Login.java:23)
	at com.hellofresh.challenge.PageSetup.logInTest(PageSetup.java:267)
... Removed 28 stack frames</div></td></tr></table><p class="totop"><a href="#summary">back to summary</a></p><h3 id="m11">com.hellofresh.challenge.PageSetup#signInTest</h3><table class="result"><tr><th>Exception</th></tr><tr><td><div class="stacktrace">org.openqa.selenium.NoSuchElementException: No such element (WARNING: The server did not provide any stacktrace information)
Command duration or timeout: 0 milliseconds
For documentation on this error, please visit: http://seleniumhq.org/exceptions/no_such_element.html
Build info: version: &apos;3.11.0&apos;, revision: &apos;e59cfb3&apos;, time: &apos;2018-03-11T20:26:55.152Z&apos;
System info: host: &apos;LAPTOP-NE2K3F3R&apos;, ip: &apos;192.168.74.1&apos;, os.name: &apos;Windows 10&apos;, os.arch: &apos;amd64&apos;, os.version: &apos;10.0&apos;, java.version: &apos;10.0.1&apos;
Driver info: org.openqa.selenium.edge.EdgeDriver
Capabilities {InPrivate: false, acceptSslCerts: true, applicationCacheEnabled: true, browserName: MicrosoftEdge, browserVersion: 41.16299.402.0, javascriptEnabled: true, locationContextEnabled: true, pageLoadStrategy: normal, platform: WINDOWS, platformName: WINDOWS, platformVersion: 10, takesElementScreenshot: true, takesScreenshot: true, webStorageEnabled: true}
Session ID: 9F38EE65-E2DF-42C3-B683-30439A4DB4AD
*** Element info: {Using=id, value=email_create}
	at org.openqa.selenium.remote.ErrorHandler.createThrowable(ErrorHandler.java:214)
	at org.openqa.selenium.remote.ErrorHandler.throwIfResponseFailed(ErrorHandler.java:166)
	at org.openqa.selenium.remote.http.JsonHttpResponseCodec.reconstructValue(JsonHttpResponseCodec.java:40)
	at org.openqa.selenium.remote.http.AbstractHttpResponseCodec.decode(AbstractHttpResponseCodec.java:80)
	at org.openqa.selenium.remote.http.AbstractHttpResponseCodec.decode(AbstractHttpResponseCodec.java:44)
	at org.openqa.selenium.remote.HttpCommandExecutor.execute(HttpCommandExecutor.java:158)
	at org.openqa.selenium.remote.service.DriverCommandExecutor.execute(DriverCommandExecutor.java:83)
	at org.openqa.selenium.remote.RemoteWebDriver.execute(RemoteWebDriver.java:545)
	at org.openqa.selenium.remote.RemoteWebDriver.findElement(RemoteWebDriver.java:319)
	at org.openqa.selenium.remote.RemoteWebDriver.findElementById(RemoteWebDriver.java:365)
	at org.openqa.selenium.By$ById.findElement(By.java:218)
	at org.openqa.selenium.remote.RemoteWebDriver.findElement(RemoteWebDriver.java:311)
	at com.hellofresh.challenge.PageObjects.BasePageObjects.navigateElement(BasePageObjects.java:73)
	at com.hellofresh.challenge.PageSetup.signInTest(PageSetup.java:215)
... Removed 28 stack frames</div></td></tr></table><p class="totop"><a href="#summary">back to summary</a></p></body></html>